<?xml version="1.0" encoding="UTF-8"?>
<testng-results skipped="0" failed="0" ignored="0" total="1" passed="1">
  <reporter-output>
  </reporter-output>
  <suite name="Default suite" duration-ms="75" started-at="2021-06-10T05:41:34Z" finished-at="2021-06-10T05:41:34Z">
    <groups>
    </groups>
    <test name="Default test" duration-ms="75" started-at="2021-06-10T05:41:34Z" finished-at="2021-06-10T05:41:34Z">
      <class name="com.test.LoginTest">
        <test-method status="PASS" signature="testone()[pri:0, instance:com.test.LoginTest@1e730495]" name="testone" duration-ms="21" started-at="2021-06-10T11:11:34Z" finished-at="2021-06-10T11:11:34Z">
          <reporter-output>
          </reporter-output>
        </test-method> <!-- testone -->
      </class> <!-- com.test.LoginTest -->
    </test> <!-- Default test -->
  </suite> <!-- Default suite -->
</testng-results>
